<?xml version="1.0" encoding="UTF-8"?>
<testng-results skipped="0" failed="0" total="2" passed="2">
  <reporter-output>
  </reporter-output>
  <suite name="GRID SAMPLE TEST" duration-ms="24856" started-at="2020-07-05T17:38:50Z" finished-at="2020-07-05T17:39:15Z">
    <groups>
    </groups>
    <test name="GRID TEST WITH SERIAL EXECTION WITH BROWSER FF" duration-ms="14556" started-at="2020-07-05T17:38:50Z" finished-at="2020-07-05T17:39:05Z">
      <class name="demo.test.grid.SeleniumCode">
        <test-method status="PASS" signature="mailTest(java.lang.String)[pri:0, instance:demo.test.grid.SeleniumCode@52d455b8]" name="mailTest" duration-ms="14534" started-at="2020-07-05T23:08:50Z" finished-at="2020-07-05T23:09:05Z">
          <params>
            <param index="0">
              <value>
                <![CDATA[chrome]]>
              </value>
            </param>
          </params>
          <reporter-output>
          </reporter-output>
        </test-method> <!-- mailTest -->
      </class> <!-- demo.test.grid.SeleniumCode -->
    </test> <!-- GRID TEST WITH SERIAL EXECTION WITH BROWSER FF -->
    <test name="GRID TEST WITH SERIAL EXECTION WITH BROWSER IE" duration-ms="24856" started-at="2020-07-05T17:38:50Z" finished-at="2020-07-05T17:39:15Z">
      <class name="demo.test.grid.SeleniumCode">
        <test-method status="PASS" signature="mailTest(java.lang.String)[pri:0, instance:demo.test.grid.SeleniumCode@21a06946]" name="mailTest" duration-ms="24835" started-at="2020-07-05T23:08:50Z" finished-at="2020-07-05T23:09:15Z">
          <params>
            <param index="0">
              <value>
                <![CDATA[firefox]]>
              </value>
            </param>
          </params>
          <reporter-output>
          </reporter-output>
        </test-method> <!-- mailTest -->
      </class> <!-- demo.test.grid.SeleniumCode -->
    </test> <!-- GRID TEST WITH SERIAL EXECTION WITH BROWSER IE -->
  </suite> <!-- GRID SAMPLE TEST -->
</testng-results>
